<?xml version="1.0" encoding="UTF-8" ?>
<testsuite tests="10" failures="0" name="lab.oodp.oop.test.TestBooleanExpression" time="0" errors="0" skipped="0">
  <properties>
    <property name="java.runtime.name" value="Java(TM) SE Runtime Environment"/>
    <property name="java.vm.version" value="11.0.12+8-LTS-237"/>
    <property name="sun.boot.library.path" value="C:\Program Files\Java\jdk-11.0.12\bin"/>
    <property name="user.country.format" value="TH"/>
    <property name="maven.multiModuleProjectDirectory" value="C:\Users\kitsa\git\lab-control-k1tsanapong"/>
    <property name="java.vm.vendor" value="Oracle Corporation"/>
    <property name="java.vendor.url" value="https://openjdk.java.net/"/>
    <property name="guice.disable.misplaced.annotation.check" value="true"/>
    <property name="path.separator" value=";"/>
    <property name="java.vm.name" value="Java HotSpot(TM) 64-Bit Server VM"/>
    <property name="sun.os.patch.level" value=""/>
    <property name="user.script" value=""/>
    <property name="user.country" value="US"/>
    <property name="sun.java.launcher" value="SUN_STANDARD"/>
    <property name="java.vm.specification.name" value="Java Virtual Machine Specification"/>
    <property name="user.dir" value="C:\Users\kitsa\git\lab-control-k1tsanapong"/>
    <property name="java.vm.compressedOopsMode" value="Zero based"/>
    <property name="java.runtime.version" value="11.0.12+8-LTS-237"/>
    <property name="java.awt.graphicsenv" value="sun.awt.Win32GraphicsEnvironment"/>
    <property name="os.arch" value="amd64"/>
    <property name="java.io.tmpdir" value="C:\Users\kitsa\AppData\Local\Temp\"/>
    <property name="line.separator" value="
"/>
    <property name="java.vm.specification.vendor" value="Oracle Corporation"/>
    <property name="user.variant" value=""/>
    <property name="os.name" value="Windows 10"/>
    <property name="classworlds.conf" value="C:\Users\kitsa\eclipse-workspace\.metadata\.plugins\org.eclipse.m2e.launching\launches\m2conf13582709377637792640.tmp"/>
    <property name="sun.jnu.encoding" value="Cp1252"/>
    <property name="java.library.path" value="C:\Program Files\Java\jdk-11.0.12\bin;C:\Windows\Sun\Java\bin;C:\Windows\system32;C:\Windows;C:/Program Files/Java/jdk-11.0.12/bin/server;C:/Program Files/Java/jdk-11.0.12/bin;C:\Program Files\Common Files\Oracle\Java\javapath;C:\Windows\system32;C:\Windows;C:\Windows\System32\Wbem;C:\Windows\System32\WindowsPowerShell\v1.0\;C:\Windows\System32\OpenSSH\;C:\Program Files\dotnet\;C:\Program Files (x86)\QuickTime\QTSystem\;C:\Program Files\Git\cmd;C:\Users\kitsa\AppData\Local\Programs\Python\Python39\Scripts\;C:\Users\kitsa\AppData\Local\Programs\Python\Python39\;C:\Users\kitsa\AppData\Local\Microsoft\WindowsApps;C:\Users\kitsa\.dotnet\tools;C:\Users\kitsa\AppData\Local\Programs\Microsoft VS Code\bin;C:\Users\kitsa\AppData\Local\GitHubDesktop\bin;C:\ffmpeg\bin;;C:\Windows\System32;;."/>
    <property name="jdk.debug" value="release"/>
    <property name="java.class.version" value="55.0"/>
    <property name="java.specification.name" value="Java Platform API Specification"/>
    <property name="sun.management.compiler" value="HotSpot 64-Bit Tiered Compilers"/>
    <property name="os.version" value="10.0"/>
    <property name="user.home" value="C:\Users\kitsa"/>
    <property name="user.timezone" value="Asia/Bangkok"/>
    <property name="java.awt.printerjob" value="sun.awt.windows.WPrinterJob"/>
    <property name="file.encoding" value="Cp1252"/>
    <property name="java.specification.version" value="11"/>
    <property name="user.name" value="kitsa"/>
    <property name="java.class.path" value="C:\Users\kitsa\.p2\pool\plugins\org.eclipse.m2e.maven.runtime_1.18.1.20211011-2139\jars\plexus-classworlds-2.6.0.jar"/>
    <property name="java.vm.specification.version" value="11"/>
    <property name="sun.arch.data.model" value="64"/>
    <property name="sun.java.command" value="org.codehaus.plexus.classworlds.launcher.Launcher -B test"/>
    <property name="java.home" value="C:\Program Files\Java\jdk-11.0.12"/>
    <property name="user.language" value="en"/>
    <property name="java.specification.vendor" value="Oracle Corporation"/>
    <property name="user.language.format" value="th"/>
    <property name="awt.toolkit" value="sun.awt.windows.WToolkit"/>
    <property name="java.vm.info" value="mixed mode"/>
    <property name="java.version" value="11.0.12"/>
    <property name="java.vendor" value="Oracle Corporation"/>
    <property name="maven.home" value="C:\Users\kitsa\git\lab-control-k1tsanapong\EMBEDDED"/>
    <property name="file.separator" value="\"/>
    <property name="java.version.date" value="2021-07-20"/>
    <property name="java.vendor.url.bug" value="https://bugreport.java.com/bugreport/"/>
    <property name="sun.io.unicode.encoding" value="UnicodeLittle"/>
    <property name="sun.cpu.endian" value="little"/>
    <property name="java.vendor.version" value="18.9"/>
    <property name="sun.desktop" value="windows"/>
    <property name="sun.cpu.isalist" value="amd64"/>
  </properties>
  <testcase classname="lab.oodp.oop.test.TestBooleanExpression" name="testTestForYesInvalid" time="0"/>
  <testcase classname="lab.oodp.oop.test.TestBooleanExpression" name="testIsTSwizzleValid" time="0"/>
  <testcase classname="lab.oodp.oop.test.TestBooleanExpression" name="testStartsWithAValid" time="0"/>
  <testcase classname="lab.oodp.oop.test.TestBooleanExpression" name="testTestForYesValid" time="0"/>
  <testcase classname="lab.oodp.oop.test.TestBooleanExpression" name="testIsCorrectYearValid" time="0"/>
  <testcase classname="lab.oodp.oop.test.TestBooleanExpression" name="testIsCorrectYearInvalid" time="0"/>
  <testcase classname="lab.oodp.oop.test.TestBooleanExpression" name="testStartsWithAInvalid" time="0"/>
  <testcase classname="lab.oodp.oop.test.TestBooleanExpression" name="testTestForOddInvalid" time="0"/>
  <testcase classname="lab.oodp.oop.test.TestBooleanExpression" name="testIsTSwizzleInvalid" time="0"/>
  <testcase classname="lab.oodp.oop.test.TestBooleanExpression" name="testTestForOddValid" time="0"/>
</testsuite>